<?xml version="1.0" encoding="UTF-8"?>
<!-- Generated by org.testng.reporters.JUnitXMLReporter -->
<testsuite ignored="0" hostname="DESKTOP-G87HA0I" failures="1" tests="7" name="Test" time="47.966" errors="0" timestamp="2023-04-01T13:59:27 IST">
  <testcase classname="tests.NewTestCases" name="signUpTest" time="16.065"/>
  <testcase classname="tests.AdditionalTestCases" name="validateBrokenLinks" time="4.376">
    <failure type="java.net.UnknownHostException" message="learn-automation">
      <![CDATA[java.net.UnknownHostException: learn-automation
at java.base/sun.nio.ch.NioSocketImpl.connect(NioSocketImpl.java:567)
at java.base/java.net.SocksSocketImpl.connect(SocksSocketImpl.java:327)
at java.base/java.net.Socket.connect(Socket.java:633)
at java.base/sun.security.ssl.SSLSocketImpl.connect(SSLSocketImpl.java:304)
at java.base/sun.security.ssl.BaseSSLSocketImpl.connect(BaseSSLSocketImpl.java:174)
at java.base/sun.net.NetworkClient.doConnect(NetworkClient.java:183)
at java.base/sun.net.www.http.HttpClient.openServer(HttpClient.java:532)
at java.base/sun.net.www.http.HttpClient.openServer(HttpClient.java:637)
at java.base/sun.net.www.protocol.https.HttpsClient.<init>(HttpsClient.java:266)
at java.base/sun.net.www.protocol.https.HttpsClient.New(HttpsClient.java:380)
at java.base/sun.net.www.protocol.https.AbstractDelegateHttpsURLConnection.getNewHttpClient(AbstractDelegateHttpsURLConnection.java:193)
at java.base/sun.net.www.protocol.http.HttpURLConnection.plainConnect0(HttpURLConnection.java:1242)
at java.base/sun.net.www.protocol.http.HttpURLConnection.plainConnect(HttpURLConnection.java:1128)
at java.base/sun.net.www.protocol.https.AbstractDelegateHttpsURLConnection.connect(AbstractDelegateHttpsURLConnection.java:179)
at java.base/sun.net.www.protocol.https.HttpsURLConnectionImpl.connect(HttpsURLConnectionImpl.java:142)
at pages.LoginPage.brokenLinks(LoginPage.java:61)
at tests.AdditionalTestCases.validateBrokenLinks(AdditionalTestCases.java:15)
at java.base/java.util.ArrayList.forEach(ArrayList.java:1511)
... Removed 27 stack frames]]>
    </failure>
  </testcase> <!-- validateBrokenLinks -->
  <testcase classname="tests.AdditionalTestCases" name="validateCountOfButtons" time="0.065"/>
  <testcase classname="tests.AdditionalTestCases" name="validateSample" time="0.025"/>
  <testcase classname="tests.TestCases" name="loginTest" time="5.944"/>
  <testcase classname="tests.TestCases" name="dashboardTest" time="0.261"/>
  <testcase classname="tests.TestCases" name="manageCategoryTest" time="6.931"/>
</testsuite> <!-- Test -->
