<?xml version="1.0" encoding="UTF-8"?>
<!-- Generated by org.testng.reporters.JUnitXMLReporter -->
<testsuite ignored="0" hostname="DESKTOP-G87HA0I" failures="0" tests="4" name="Test" time="34.545" errors="0" timestamp="2023-03-28T12:59:31 IST">
  <testcase classname="tests.TestCases" name="loginTest" time="5.511"/>
  <testcase classname="tests.TestCases" name="dashboardTest" time="0.152"/>
  <testcase classname="tests.TestCases" name="manageCategoryTest" time="6.719"/>
  <testcase classname="tests.NewTestCases" name="signUpTest" time="15.103"/>
</testsuite> <!-- Test -->
