<?xml version="1.0" encoding="UTF-8"?>
<!-- Generated by org.testng.reporters.JUnitXMLReporter -->
<testsuite ignored="0" hostname="DESKTOP-G87HA0I" failures="0" tests="3" name="Test" time="36.766" errors="0" timestamp="2023-03-31T20:49:04 IST">
  <testcase classname="tests.TestCases" name="loginTest" time="5.498"/>
  <testcase classname="tests.TestCases" name="dashboardTest" time="23.183"/>
  <testcase classname="tests.TestCases" name="manageCategoryTest" time="6.925"/>
</testsuite> <!-- Test -->
